<?xml version="1.0" encoding="UTF-8"?>
<!-- Generated by org.testng.reporters.JUnitReportReporter -->
<testsuite hostname="Prasadgvv" failures="0" tests="1" name="com.api.testscripts.CreateUser" time="4.715" errors="0" timestamp="2023-09-13T17:02:44 IST" skipped="0">
  <testcase classname="com.api.testscripts.CreateUser" name="createsingleUser" time="4.715"/>
  <system-out/>
</testsuite> <!-- com.api.testscripts.CreateUser -->
