<?xml version="1.0" encoding="UTF-8"?>
<!-- Generated by org.testng.reporters.JUnitReportReporter -->
<testsuite hostname="Prasadgvv" failures="0" tests="1" name="com.api.testscripts.BDD" time="3.867" errors="0" timestamp="2023-09-14T17:51:36 IST" skipped="0">
  <testcase classname="com.api.testscripts.BDD" name="newPost" time="3.867"/>
  <system-out/>
</testsuite> <!-- com.api.testscripts.BDD -->
