<?xml version="1.0" encoding="UTF-8"?>
<!-- Generated by org.testng.reporters.JUnitReportReporter -->
<testsuite hostname="Prasadgvv" failures="0" tests="1" name="com.api.testscripts.UserRegistration" time="2.411" errors="0" timestamp="2023-09-28T14:38:24 IST" skipped="0">
  <testcase classname="com.api.testscripts.UserRegistration" name="userRegistration" time="2.411"/>
  <system-out/>
</testsuite> <!-- com.api.testscripts.UserRegistration -->
