<?xml version="1.0" encoding="UTF-8"?>
<!-- Generated by org.testng.reporters.JUnitReportReporter -->
<testsuite hostname="Prasadgvv" failures="0" tests="1" name="com.api.testscripts.GetSingleUser" time="2.887" errors="0" timestamp="2023-09-28T16:13:21 IST" skipped="0">
  <testcase classname="com.api.testscripts.GetSingleUser" name="SingleUser" time="2.887"/>
  <system-out/>
</testsuite> <!-- com.api.testscripts.GetSingleUser -->
